C51 COMPILER V9.60.0.0   MAIN                                                              05/02/2022 01:51:55 PAGE 1   


C51 COMPILER V9.60.0.0, COMPILATION OF MODULE MAIN
OBJECT MODULE PLACED IN main.OBJ
COMPILER INVOKED BY: D:\Learn\Keil C\C51\BIN\C51.EXE main.c OMF2 OPTIMIZE(8,SPEED) BROWSE DEBUG TABS(2)

line level    source

   1          #include<main.h>
   2          
   3          void main()
   4          {
   5   1        unsigned char b;
   6   1      
   7   1        SM0 = SM1 = 0;      // Uart Mode 0
   8   1        REN = 1;            // Cho phep nhan du lieu
   9   1      
  10   1        P1_0 = 0;
  11   1        while(1)
  12   1        {
  13   2          P3_2 = 0;         // Tao xung chot du lieu ngo vao 74265
  14   2          P3_2 = 1; 
  15   2      
  16   2          RI = 0;
  17   2          while(RI == 0);
  18   2          b = SBUF;
  19   2      
  20   2          if((b&0x2)==0)    // 0000 0010
  21   2          {
  22   3            P1_0 = 1;
  23   3          }
  24   2      
  25   2          if((b&0x01)==0)
  26   2          {
  27   3            P1_0 =0;  
  28   3          }
  29   2        }
  30   1      }


MODULE INFORMATION:   STATIC OVERLAYABLE
   CODE SIZE        =     35    ----
   CONSTANT SIZE    =   ----    ----
   XDATA SIZE       =   ----    ----
   PDATA SIZE       =   ----    ----
   DATA SIZE        =   ----    ----
   IDATA SIZE       =   ----    ----
   BIT SIZE         =   ----    ----
   EDATA SIZE       =   ----    ----
   HDATA SIZE       =   ----    ----
   XDATA CONST SIZE =   ----    ----
   FAR CONST SIZE   =   ----    ----
END OF MODULE INFORMATION.


C51 COMPILATION COMPLETE.  0 WARNING(S),  0 ERROR(S)
